2022-06-29 23:07:12,002 [main] INFO  o.e.m.w.i.f.ResourceFilteringBuildParticipant - Cleaning filtered folder for scienceClass
2022-06-29 23:07:52,191 [Worker-14: Building Project scienceClass] INFO  o.e.m.w.i.f.ResourceFilteringBuildParticipant - Changed resources require a complete clean of filtered resources of scienceClass
2022-06-29 23:07:52,193 [Worker-14: Building Project scienceClass] INFO  o.e.m.w.i.f.ResourceFilteringBuildParticipant - Executing resource filtering for scienceClass
2022-06-29 23:40:10,946 [Worker-35: Building] INFO  o.e.m.w.i.f.ResourceFilteringBuildParticipant - Changed resources require a complete clean of filtered resources of scienceClass
2022-06-29 23:40:10,946 [Worker-35: Building] INFO  o.e.m.w.i.f.ResourceFilteringBuildParticipant - Executing resource filtering for scienceClass
2022-06-29 23:43:23,609 [Worker-37: Building] INFO  o.e.m.w.i.f.ResourceFilteringBuildParticipant - Changed resources require a complete clean of filtered resources of scienceClass
2022-06-29 23:43:23,610 [Worker-37: Building] INFO  o.e.m.w.i.f.ResourceFilteringBuildParticipant - Executing resource filtering for scienceClass
2022-06-30 10:29:35,685 [Worker-9: Building] INFO  o.e.m.w.i.f.ResourceFilteringBuildParticipant - Changed resources require a complete clean of filtered resources of scienceClass
2022-06-30 10:29:35,717 [Worker-9: Building] INFO  o.e.m.w.i.f.ResourceFilteringBuildParticipant - Executing resource filtering for scienceClass
2022-06-30 14:46:31,007 [Worker-67: Cleaning all projects] INFO  o.e.m.w.i.f.ResourceFilteringBuildParticipant - Cleaning filtered folder for scienceClass
2022-06-30 14:47:10,835 [Worker-69: Building] INFO  o.e.m.w.i.f.ResourceFilteringBuildParticipant - Changed resources require a complete clean of filtered resources of scienceClass
2022-06-30 14:47:10,835 [Worker-69: Building] INFO  o.e.m.w.i.f.ResourceFilteringBuildParticipant - Executing resource filtering for scienceClass
2022-07-05 13:15:58,774 [Worker-76: Building] INFO  o.e.m.w.i.f.ResourceFilteringBuildParticipant - Changed resources require a complete clean of filtered resources of scienceClass
2022-07-05 13:15:59,327 [Worker-76: Building] INFO  o.e.m.w.i.f.ResourceFilteringBuildParticipant - Executing resource filtering for scienceClass
2022-07-05 13:41:33,364 [Worker-109: Building] INFO  o.e.m.w.i.f.ResourceFilteringBuildParticipant - Changed resources require a complete clean of filtered resources of scienceClass
2022-07-05 13:41:33,366 [Worker-109: Building] INFO  o.e.m.w.i.f.ResourceFilteringBuildParticipant - Executing resource filtering for scienceClass
2022-07-05 13:46:35,460 [Worker-123: Cleaning all projects] INFO  o.e.m.w.i.f.ResourceFilteringBuildParticipant - Cleaning filtered folder for scienceClass
2022-07-05 13:48:30,986 [Worker-115: Building] INFO  o.e.m.w.i.f.ResourceFilteringBuildParticipant - Changed resources require a complete clean of filtered resources of scienceClass
2022-07-05 13:48:30,986 [Worker-115: Building] INFO  o.e.m.w.i.f.ResourceFilteringBuildParticipant - Executing resource filtering for scienceClass
2022-07-05 13:52:54,904 [Worker-109: Updating Maven Project] INFO  o.e.m.w.i.f.ResourceFilteringBuildParticipant - Cleaning filtered folder for scienceClass
2022-07-05 13:53:44,561 [Worker-130: Building] INFO  o.e.m.w.i.f.ResourceFilteringBuildParticipant - Changed resources require a complete clean of filtered resources of scienceClass
2022-07-05 13:53:44,561 [Worker-130: Building] INFO  o.e.m.w.i.f.ResourceFilteringBuildParticipant - Executing resource filtering for scienceClass
2022-07-05 14:29:47,903 [Worker-174: Building] INFO  o.e.m.w.i.f.ResourceFilteringBuildParticipant - Changed resources require a complete clean of filtered resources of scienceClass
2022-07-05 14:29:47,903 [Worker-174: Building] INFO  o.e.m.w.i.f.ResourceFilteringBuildParticipant - Executing resource filtering for scienceClass
2022-07-05 14:31:39,625 [Worker-156: Building] INFO  o.e.m.w.i.f.ResourceFilteringBuildParticipant - Changed resources require a complete clean of filtered resources of scienceClass
2022-07-05 14:31:39,626 [Worker-156: Building] INFO  o.e.m.w.i.f.ResourceFilteringBuildParticipant - Executing resource filtering for scienceClass
2022-07-05 14:33:59,744 [Worker-182: Updating Maven Project] INFO  o.e.m.w.i.f.ResourceFilteringBuildParticipant - Cleaning filtered folder for scienceClass
2022-07-05 14:35:21,843 [Worker-185: Building] INFO  o.e.m.w.i.f.ResourceFilteringBuildParticipant - Changed resources require a complete clean of filtered resources of scienceClass
2022-07-05 14:35:21,844 [Worker-185: Building] INFO  o.e.m.w.i.f.ResourceFilteringBuildParticipant - Executing resource filtering for scienceClass
2022-07-05 14:44:49,408 [Worker-198: Cleaning all projects] INFO  o.e.m.w.i.f.ResourceFilteringBuildParticipant - Cleaning filtered folder for scienceClass
2022-07-05 14:45:06,494 [Worker-212: Building] INFO  o.e.m.w.i.f.ResourceFilteringBuildParticipant - Changed resources require a complete clean of filtered resources of scienceClass
2022-07-05 14:45:06,494 [Worker-212: Building] INFO  o.e.m.w.i.f.ResourceFilteringBuildParticipant - Executing resource filtering for scienceClass
2022-07-05 15:12:27,681 [Worker-219: Cleaning all projects] INFO  o.e.m.w.i.f.ResourceFilteringBuildParticipant - Cleaning filtered folder for scienceClass
2022-07-05 15:12:44,234 [Worker-223: Building] INFO  o.e.m.w.i.f.ResourceFilteringBuildParticipant - Changed resources require a complete clean of filtered resources of scienceClass
2022-07-05 15:12:44,235 [Worker-223: Building] INFO  o.e.m.w.i.f.ResourceFilteringBuildParticipant - Executing resource filtering for scienceClass
2022-07-05 15:28:01,078 [Worker-230: Updating Maven Project] INFO  o.e.m.w.i.f.ResourceFilteringBuildParticipant - Cleaning filtered folder for scienceClass
2022-07-05 15:28:19,184 [Worker-226: Building] INFO  o.e.m.w.i.f.ResourceFilteringBuildParticipant - Changed resources require a complete clean of filtered resources of scienceClass
2022-07-05 15:28:19,184 [Worker-226: Building] INFO  o.e.m.w.i.f.ResourceFilteringBuildParticipant - Executing resource filtering for scienceClass
2022-07-05 15:58:14,825 [Worker-248: Building] INFO  o.e.m.w.i.f.ResourceFilteringBuildParticipant - Changed resources require a complete clean of filtered resources of scienceClass
2022-07-05 15:58:14,825 [Worker-248: Building] INFO  o.e.m.w.i.f.ResourceFilteringBuildParticipant - Executing resource filtering for scienceClass
2022-07-05 15:59:00,083 [Worker-254: Building] INFO  o.e.m.w.i.f.ResourceFilteringBuildParticipant - Changed resources require a complete clean of filtered resources of scienceClass
2022-07-05 15:59:00,083 [Worker-254: Building] INFO  o.e.m.w.i.f.ResourceFilteringBuildParticipant - Executing resource filtering for scienceClass
2022-07-05 16:14:34,894 [Worker-257: Building] INFO  o.e.m.w.i.f.ResourceFilteringBuildParticipant - Changed resources require a complete clean of filtered resources of scienceClass
2022-07-05 16:14:34,894 [Worker-257: Building] INFO  o.e.m.w.i.f.ResourceFilteringBuildParticipant - Executing resource filtering for scienceClass
2022-07-05 16:17:16,137 [Worker-264: Updating Maven Project] INFO  o.e.m.w.i.f.ResourceFilteringBuildParticipant - Cleaning filtered folder for scienceClass
2022-07-05 16:18:14,758 [Worker-287: Building] INFO  o.e.m.w.i.f.ResourceFilteringBuildParticipant - Changed resources require a complete clean of filtered resources of scienceClass
2022-07-05 16:18:14,759 [Worker-287: Building] INFO  o.e.m.w.i.f.ResourceFilteringBuildParticipant - Executing resource filtering for scienceClass
2022-07-05 16:27:13,589 [Worker-301: Building] INFO  o.e.m.w.i.f.ResourceFilteringBuildParticipant - Changed resources require a complete clean of filtered resources of scienceClass
2022-07-05 16:27:13,590 [Worker-301: Building] INFO  o.e.m.w.i.f.ResourceFilteringBuildParticipant - Executing resource filtering for scienceClass
2022-07-05 16:36:54,777 [Worker-307: Updating Maven Project] INFO  o.e.m.w.i.f.ResourceFilteringBuildParticipant - Cleaning filtered folder for scienceClass
2022-07-05 16:37:15,178 [Worker-309: Building] INFO  o.e.m.w.i.f.ResourceFilteringBuildParticipant - Changed resources require a complete clean of filtered resources of scienceClass
2022-07-05 16:37:15,178 [Worker-309: Building] INFO  o.e.m.w.i.f.ResourceFilteringBuildParticipant - Executing resource filtering for scienceClass
2022-07-05 16:43:00,647 [Worker-327: Building] INFO  o.e.m.w.i.f.ResourceFilteringBuildParticipant - Changed resources require a complete clean of filtered resources of scienceClass
2022-07-05 16:43:00,647 [Worker-327: Building] INFO  o.e.m.w.i.f.ResourceFilteringBuildParticipant - Executing resource filtering for scienceClass
2022-07-05 16:51:52,001 [Worker-334: Building] INFO  o.e.m.w.i.f.ResourceFilteringBuildParticipant - Changed resources require a complete clean of filtered resources of scienceClass
2022-07-05 16:51:52,001 [Worker-334: Building] INFO  o.e.m.w.i.f.ResourceFilteringBuildParticipant - Executing resource filtering for scienceClass
2022-07-05 17:04:58,123 [Worker-19: Building] INFO  o.e.m.w.i.f.ResourceFilteringBuildParticipant - Changed resources require a complete clean of filtered resources of scienceClass
2022-07-05 17:04:58,143 [Worker-19: Building] INFO  o.e.m.w.i.f.ResourceFilteringBuildParticipant - Executing resource filtering for scienceClass
2022-07-05 17:28:21,856 [Worker-40: Building] INFO  o.e.m.w.i.f.ResourceFilteringBuildParticipant - Changed resources require a complete clean of filtered resources of scienceClass
2022-07-05 17:28:21,858 [Worker-40: Building] INFO  o.e.m.w.i.f.ResourceFilteringBuildParticipant - Executing resource filtering for scienceClass
2022-07-05 17:36:40,303 [Worker-11: Updating Maven Project] INFO  o.e.m.w.i.f.ResourceFilteringBuildParticipant - Cleaning filtered folder for scienceClass
2022-07-05 17:37:48,224 [Worker-23: Building] INFO  o.e.m.w.i.f.ResourceFilteringBuildParticipant - Changed resources require a complete clean of filtered resources of scienceClass
2022-07-05 17:37:48,234 [Worker-23: Building] INFO  o.e.m.w.i.f.ResourceFilteringBuildParticipant - Executing resource filtering for scienceClass
2022-07-05 17:47:15,631 [Worker-17: Building] INFO  o.e.m.w.i.f.ResourceFilteringBuildParticipant - Changed resources require a complete clean of filtered resources of scienceClass
2022-07-05 17:47:15,631 [Worker-17: Building] INFO  o.e.m.w.i.f.ResourceFilteringBuildParticipant - Executing resource filtering for scienceClass
2022-07-05 17:52:05,879 [Worker-43: Updating Maven Project] INFO  o.e.m.w.i.f.ResourceFilteringBuildParticipant - Cleaning filtered folder for scienceClass
2022-07-05 17:53:20,094 [Worker-57: Building] INFO  o.e.m.w.i.f.ResourceFilteringBuildParticipant - Changed resources require a complete clean of filtered resources of scienceClass
2022-07-05 17:53:20,095 [Worker-57: Building] INFO  o.e.m.w.i.f.ResourceFilteringBuildParticipant - Executing resource filtering for scienceClass
2022-07-05 17:57:53,308 [Worker-66: Cleaning all projects] INFO  o.e.m.w.i.f.ResourceFilteringBuildParticipant - Cleaning filtered folder for scienceClass
2022-07-05 17:58:18,517 [Worker-53: Building] INFO  o.e.m.w.i.f.ResourceFilteringBuildParticipant - Changed resources require a complete clean of filtered resources of scienceClass
2022-07-05 17:58:18,517 [Worker-53: Building] INFO  o.e.m.w.i.f.ResourceFilteringBuildParticipant - Executing resource filtering for scienceClass
2022-07-05 22:23:10,388 [Worker-1: Cleaning all projects] INFO  o.e.m.w.i.f.ResourceFilteringBuildParticipant - Cleaning filtered folder for scienceClass
2022-07-05 22:23:27,001 [Worker-14: Building] INFO  o.e.m.w.i.f.ResourceFilteringBuildParticipant - Changed resources require a complete clean of filtered resources of scienceClass
2022-07-05 22:23:27,002 [Worker-14: Building] INFO  o.e.m.w.i.f.ResourceFilteringBuildParticipant - Executing resource filtering for scienceClass
2022-07-05 23:12:02,190 [Worker-1: Updating Maven Project] INFO  o.e.m.w.i.f.ResourceFilteringBuildParticipant - Cleaning filtered folder for scienceClass
2022-07-05 23:12:40,083 [Worker-24: Building] INFO  o.e.m.w.i.f.ResourceFilteringBuildParticipant - Changed resources require a complete clean of filtered resources of scienceClass
2022-07-05 23:12:40,092 [Worker-24: Building] INFO  o.e.m.w.i.f.ResourceFilteringBuildParticipant - Executing resource filtering for scienceClass
2022-07-06 08:59:44,512 [Worker-18: Building] INFO  o.e.m.w.i.f.ResourceFilteringBuildParticipant - Changed resources require a complete clean of filtered resources of scienceClass
2022-07-06 08:59:44,544 [Worker-18: Building] INFO  o.e.m.w.i.f.ResourceFilteringBuildParticipant - Executing resource filtering for scienceClass
2022-07-06 09:05:29,990 [Worker-26: Cleaning all projects] INFO  o.e.m.w.i.f.ResourceFilteringBuildParticipant - Cleaning filtered folder for scienceClass
2022-07-06 09:05:58,442 [Worker-44: Building] INFO  o.e.m.w.i.f.ResourceFilteringBuildParticipant - Changed resources require a complete clean of filtered resources of scienceClass
2022-07-06 09:05:58,442 [Worker-44: Building] INFO  o.e.m.w.i.f.ResourceFilteringBuildParticipant - Executing resource filtering for scienceClass
2022-07-06 10:04:43,968 [Worker-58: Cleaning all projects] INFO  o.e.m.w.i.f.ResourceFilteringBuildParticipant - Cleaning filtered folder for scienceClass
2022-07-06 10:05:13,605 [Worker-51: Building] INFO  o.e.m.w.i.f.ResourceFilteringBuildParticipant - Changed resources require a complete clean of filtered resources of scienceClass
2022-07-06 10:05:13,605 [Worker-51: Building] INFO  o.e.m.w.i.f.ResourceFilteringBuildParticipant - Executing resource filtering for scienceClass
2022-07-06 10:11:59,244 [Worker-61: Cleaning all projects] INFO  o.e.m.w.i.f.ResourceFilteringBuildParticipant - Cleaning filtered folder for scienceClass
2022-07-06 10:12:18,214 [Worker-58: Building] INFO  o.e.m.w.i.f.ResourceFilteringBuildParticipant - Changed resources require a complete clean of filtered resources of scienceClass
2022-07-06 10:12:18,214 [Worker-58: Building] INFO  o.e.m.w.i.f.ResourceFilteringBuildParticipant - Executing resource filtering for scienceClass
2022-07-06 10:18:09,620 [Worker-51: Cleaning all projects] INFO  o.e.m.w.i.f.ResourceFilteringBuildParticipant - Cleaning filtered folder for scienceClass
2022-07-06 10:18:27,106 [Worker-52: Building] INFO  o.e.m.w.i.f.ResourceFilteringBuildParticipant - Changed resources require a complete clean of filtered resources of scienceClass
2022-07-06 10:18:27,106 [Worker-52: Building] INFO  o.e.m.w.i.f.ResourceFilteringBuildParticipant - Executing resource filtering for scienceClass
2022-07-06 13:14:39,059 [Worker-99: Updating Maven Project] INFO  o.e.m.w.i.f.ResourceFilteringBuildParticipant - Cleaning filtered folder for scienceClass
2022-07-06 13:15:09,693 [Worker-106: Building] INFO  o.e.m.w.i.f.ResourceFilteringBuildParticipant - Changed resources require a complete clean of filtered resources of scienceClass
2022-07-06 13:15:09,694 [Worker-106: Building] INFO  o.e.m.w.i.f.ResourceFilteringBuildParticipant - Executing resource filtering for scienceClass
2022-07-06 15:10:43,904 [Worker-138: Cleaning all projects] INFO  o.e.m.w.i.f.ResourceFilteringBuildParticipant - Cleaning filtered folder for scienceClass
2022-07-06 15:11:16,181 [Worker-145: Building] INFO  o.e.m.w.i.f.ResourceFilteringBuildParticipant - Changed resources require a complete clean of filtered resources of scienceClass
2022-07-06 15:11:16,182 [Worker-145: Building] INFO  o.e.m.w.i.f.ResourceFilteringBuildParticipant - Executing resource filtering for scienceClass
